<?xml version="1.0" encoding="UTF-8"?>
<testsuite xmlns:xsi="http://www.w3.org/2001/XMLSchema-instance" xsi:noNamespaceSchemaLocation="https://maven.apache.org/surefire/maven-surefire-plugin/xsd/surefire-test-report.xsd" version="3.0.2" name="walshe.juniemvc.juniemvc.repositories.BeerRepositoryTest" time="0.337" tests="4" errors="0" skipped="0" failures="0">
  <properties>
[...]
</properties>
  <testcase name="testSaveBeer" classname="walshe.juniemvc.juniemvc.repositories.BeerRepositoryTest" time="0.225">
    <system-out><![CDATA[2026-02-11T18:02:57.066Z  INFO 99432 --- [           main] t.c.s.AnnotationConfigContextLoaderUtils : Could not detect default configuration classes for test class [walshe.juniemvc.juniemvc.repositories.BeerRepositoryTest]: BeerRepositoryTest does not declare any static, non-private, non-final, nested classes annotated with @Configuration.
2026-02-11T18:02:57.076Z  INFO 99432 --- [           main] .b.t.c.SpringBootTestContextBootstrapper : Found @SpringBootConfiguration walshe.juniemvc.juniemvc.JuniemvcApplication for test class walshe.juniemvc.juniemvc.repositories.BeerRepositoryTest
Hibernate: insert into beer (beer_name,beer_style,created_date,price,quantity_on_hand,upc,update_date,version,id) values (?,?,?,?,?,?,?,?,default)
]]></system-out>
  </testcase>
  <testcase name="testUpdateBeer" classname="walshe.juniemvc.juniemvc.repositories.BeerRepositoryTest" time="0.061">
    <system-out><![CDATA[Hibernate: insert into beer (beer_name,beer_style,created_date,price,quantity_on_hand,upc,update_date,version,id) values (?,?,?,?,?,?,?,?,default)
Hibernate: select b1_0.id,b1_0.beer_name,b1_0.beer_style,b1_0.created_date,b1_0.price,b1_0.quantity_on_hand,b1_0.upc,b1_0.update_date,b1_0.version from beer b1_0 where b1_0.id=?
Hibernate: select b1_0.id,b1_0.beer_name,b1_0.beer_style,b1_0.created_date,b1_0.price,b1_0.quantity_on_hand,b1_0.upc,b1_0.update_date,b1_0.version from beer b1_0 where b1_0.id=?
Hibernate: update beer set beer_name=?,beer_style=?,price=?,quantity_on_hand=?,upc=?,update_date=?,version=? where id=? and version=?
]]></system-out>
  </testcase>
  <testcase name="testGetBeer" classname="walshe.juniemvc.juniemvc.repositories.BeerRepositoryTest" time="0.01">
    <system-out><![CDATA[Hibernate: insert into beer (beer_name,beer_style,created_date,price,quantity_on_hand,upc,update_date,version,id) values (?,?,?,?,?,?,?,?,default)
Hibernate: select b1_0.id,b1_0.beer_name,b1_0.beer_style,b1_0.created_date,b1_0.price,b1_0.quantity_on_hand,b1_0.upc,b1_0.update_date,b1_0.version from beer b1_0 where b1_0.id=?
]]></system-out>
  </testcase>
  <testcase name="testDeleteBeer" classname="walshe.juniemvc.juniemvc.repositories.BeerRepositoryTest" time="0.02">
    <system-out><![CDATA[Hibernate: insert into beer (beer_name,beer_style,created_date,price,quantity_on_hand,upc,update_date,version,id) values (?,?,?,?,?,?,?,?,default)
Hibernate: select b1_0.id,b1_0.beer_name,b1_0.beer_style,b1_0.created_date,b1_0.price,b1_0.quantity_on_hand,b1_0.upc,b1_0.update_date,b1_0.version from beer b1_0 where b1_0.id=?
Hibernate: delete from beer where id=? and version=?
Hibernate: select b1_0.id,b1_0.beer_name,b1_0.beer_style,b1_0.created_date,b1_0.price,b1_0.quantity_on_hand,b1_0.upc,b1_0.update_date,b1_0.version from beer b1_0 where b1_0.id=?
]]></system-out>
  </testcase>
</testsuite>