<?xml version="1.0" encoding="UTF-8"?>
<testsuite xmlns:xsi="http://www.w3.org/2001/XMLSchema-instance" xsi:noNamespaceSchemaLocation="https://maven.apache.org/surefire/maven-surefire-plugin/xsd/surefire-test-report.xsd" version="3.0.2" name="walshe.juniemvc.juniemvc.controllers.CustomerControllerIT" time="3.345" tests="2" errors="0" skipped="0" failures="0">
  <properties>
[...]
</properties>
  <testcase name="testListCustomers" classname="walshe.juniemvc.juniemvc.controllers.CustomerControllerIT" time="0.353">
    <system-out><![CDATA[2026-02-13T10:57:13.703Z  INFO 36124 --- [           main] t.c.s.AnnotationConfigContextLoaderUtils : Could not detect default configuration classes for test class [walshe.juniemvc.juniemvc.controllers.CustomerControllerIT]: CustomerControllerIT does not declare any static, non-private, non-final, nested classes annotated with @Configuration.
2026-02-13T10:57:13.733Z  INFO 36124 --- [           main] .b.t.c.SpringBootTestContextBootstrapper : Found @SpringBootConfiguration walshe.juniemvc.juniemvc.JuniemvcApplication for test class walshe.juniemvc.juniemvc.controllers.CustomerControllerIT

  .   ____          _            __ _ _
 /\\ / ___'_ __ _ _(_)_ __  __ _ \ \ \ \
( ( )\___ | '_ | '_| | '_ \/ _` | \ \ \ \
 \\/  ___)| |_)| | | | | || (_| |  ) ) ) )
  '  |____| .__|_| |_|_| |_\__, | / / / /
 =========|_|==============|___/=/_/_/_/

 :: Spring Boot ::                (v4.0.2)

2026-02-13T10:57:13.898Z  INFO 36124 --- [           main] w.j.j.controllers.CustomerControllerIT   : Starting CustomerControllerIT using Java 21.0.2 with PID 36124 (started by Emmett in /Users/Emmett/dev/juniemvc/juniemvc)
2026-02-13T10:57:13.898Z  INFO 36124 --- [           main] w.j.j.controllers.CustomerControllerIT   : The following 1 profile is active: "test"
2026-02-13T10:57:14.658Z  INFO 36124 --- [           main] .s.d.r.c.RepositoryConfigurationDelegate : Bootstrapping Spring Data JPA repositories in DEFAULT mode.
2026-02-13T10:57:14.712Z  INFO 36124 --- [           main] .s.d.r.c.RepositoryConfigurationDelegate : Finished Spring Data repository scanning in 49 ms. Found 4 JPA repository interfaces.
2026-02-13T10:57:15.246Z  INFO 36124 --- [           main] o.s.boot.tomcat.TomcatWebServer          : Tomcat initialized with port 0 (http)
2026-02-13T10:57:15.285Z  INFO 36124 --- [           main] o.apache.catalina.core.StandardService   : Starting service [Tomcat]
2026-02-13T10:57:15.286Z  INFO 36124 --- [           main] o.apache.catalina.core.StandardEngine    : Starting Servlet engine: [Apache Tomcat/11.0.15]
2026-02-13T10:57:15.406Z  INFO 36124 --- [           main] b.w.c.s.WebApplicationContextInitializer : Root WebApplicationContext: initialization completed in 1503 ms
2026-02-13T10:57:15.659Z  INFO 36124 --- [           main] com.zaxxer.hikari.HikariDataSource       : HikariPool-2 - Starting...
2026-02-13T10:57:15.664Z  INFO 36124 --- [           main] com.zaxxer.hikari.pool.HikariPool        : HikariPool-2 - Added connection conn10: url=jdbc:h2:mem:testdb user=SA
2026-02-13T10:57:15.664Z  INFO 36124 --- [           main] com.zaxxer.hikari.HikariDataSource       : HikariPool-2 - Start completed.
2026-02-13T10:57:15.667Z  INFO 36124 --- [           main] org.flywaydb.core.FlywayExecutor         : Database: jdbc:h2:mem:testdb (H2 2.4)
2026-02-13T10:57:15.670Z  WARN 36124 --- [           main] o.f.c.internal.database.base.Database    : Using H2 2.4.240 which is newer than the version Flyway has been verified with. The latest verified version of H2 is 2.3.232.
2026-02-13T10:57:15.682Z  INFO 36124 --- [           main] o.f.core.internal.command.DbValidate     : Successfully validated 2 migrations (execution time 00:00.008s)
2026-02-13T10:57:15.689Z  INFO 36124 --- [           main] o.f.core.internal.command.DbMigrate      : Current version of schema "PUBLIC": 2
2026-02-13T10:57:15.689Z  INFO 36124 --- [           main] o.f.core.internal.command.DbMigrate      : Schema "PUBLIC" is up to date. No migration necessary.
2026-02-13T10:57:15.738Z  INFO 36124 --- [           main] org.hibernate.orm.jpa                    : HHH008540: Processing PersistenceUnitInfo [name: default]
2026-02-13T10:57:15.804Z  INFO 36124 --- [           main] o.s.o.j.p.SpringPersistenceUnitInfo      : No LoadTimeWeaver setup: ignoring JPA class transformer
2026-02-13T10:57:15.806Z  INFO 36124 --- [           main] org.hibernate.orm.connections.pooling    : HHH10001005: Database info:
	Database JDBC URL [jdbc:h2:mem:testdb]
	Database driver: H2 JDBC Driver
	Database dialect: H2Dialect
	Database version: 2.4.240
	Default catalog/schema: TESTDB/PUBLIC
	Autocommit mode: undefined/unknown
	Isolation level: READ_COMMITTED [default READ_COMMITTED]
	JDBC fetch size: 100
	Pool: DataSourceConnectionProvider
	Minimum pool size: undefined/unknown
	Maximum pool size: undefined/unknown
2026-02-13T10:57:16.067Z  INFO 36124 --- [           main] org.hibernate.orm.core                   : HHH000489: No JTA platform available (set 'hibernate.transaction.jta.platform' to enable JTA platform integration)
2026-02-13T10:57:16.074Z  INFO 36124 --- [           main] j.LocalContainerEntityManagerFactoryBean : Initialized JPA EntityManagerFactory for persistence unit 'default'
2026-02-13T10:57:16.298Z  WARN 36124 --- [           main] JpaBaseConfiguration$JpaWebConfiguration : spring.jpa.open-in-view is enabled by default. Therefore, database queries may be performed during view rendering. Explicitly configure spring.jpa.open-in-view to disable this warning
2026-02-13T10:57:16.633Z  INFO 36124 --- [           main] o.s.boot.tomcat.TomcatWebServer          : Tomcat started on port 64946 (http) with context path '/'
2026-02-13T10:57:16.639Z  INFO 36124 --- [           main] w.j.j.controllers.CustomerControllerIT   : Started CustomerControllerIT in 2.887 seconds (process running for 17.37)
2026-02-13T10:57:16.654Z  INFO 36124 --- [           main] o.a.c.c.C.[Tomcat].[localhost].[/]       : Initializing Spring TestDispatcherServlet ''
2026-02-13T10:57:16.654Z  INFO 36124 --- [           main] o.s.t.web.servlet.TestDispatcherServlet  : Initializing Servlet ''
2026-02-13T10:57:16.656Z  INFO 36124 --- [           main] o.s.t.web.servlet.TestDispatcherServlet  : Completed initialization in 2 ms
Hibernate: select c1_0.id,c1_0.address_line_1,c1_0.address_line_2,c1_0.city,c1_0.created_date,c1_0.email,c1_0.name,c1_0.phone_number,c1_0.postal_code,c1_0.state,c1_0.update_date,c1_0.version from customer c1_0
]]></system-out>
  </testcase>
  <testcase name="testCreateCustomer" classname="walshe.juniemvc.juniemvc.controllers.CustomerControllerIT" time="0.039">
    <system-out><![CDATA[2026-02-13T10:57:17.003Z  INFO 36124 --- [           main] o.a.c.c.C.[Tomcat].[localhost].[/]       : Initializing Spring TestDispatcherServlet ''
2026-02-13T10:57:17.004Z  INFO 36124 --- [           main] o.s.t.web.servlet.TestDispatcherServlet  : Initializing Servlet ''
2026-02-13T10:57:17.005Z  INFO 36124 --- [           main] o.s.t.web.servlet.TestDispatcherServlet  : Completed initialization in 1 ms
Hibernate: insert into customer (address_line_1,address_line_2,city,created_date,email,name,phone_number,postal_code,state,update_date,version,id) values (?,?,?,?,?,?,?,?,?,?,?,default)
]]></system-out>
  </testcase>
</testsuite>