<?xml version="1.0" encoding="UTF-8"?>
<testsuite xmlns:xsi="http://www.w3.org/2001/XMLSchema-instance" xsi:noNamespaceSchemaLocation="https://maven.apache.org/surefire/maven-surefire-plugin/xsd/surefire-test-report.xsd" version="3.0.2" name="walshe.juniemvc.juniemvc.controllers.BeerOrderShipmentControllerIT" time="11.924" tests="2" errors="0" skipped="0" failures="0">
  <properties>
[...]
</properties>
  <testcase name="testListShipments" classname="walshe.juniemvc.juniemvc.controllers.BeerOrderShipmentControllerIT" time="0.382">
    <system-out><![CDATA[11:59:58.863 [main] INFO org.springframework.test.context.support.AnnotationConfigContextLoaderUtils -- Could not detect default configuration classes for test class [walshe.juniemvc.juniemvc.controllers.BeerOrderShipmentControllerIT]: BeerOrderShipmentControllerIT does not declare any static, non-private, non-final, nested classes annotated with @Configuration.
11:59:59.177 [main] INFO org.springframework.boot.test.context.SpringBootTestContextBootstrapper -- Found @SpringBootConfiguration walshe.juniemvc.juniemvc.JuniemvcApplication for test class walshe.juniemvc.juniemvc.controllers.BeerOrderShipmentControllerIT

  .   ____          _            __ _ _
 /\\ / ___'_ __ _ _(_)_ __  __ _ \ \ \ \
( ( )\___ | '_ | '_| | '_ \/ _` | \ \ \ \
 \\/  ___)| |_)| | | | | || (_| |  ) ) ) )
  '  |____| .__|_| |_|_| |_\__, | / / / /
 =========|_|==============|___/=/_/_/_/

 :: Spring Boot ::                (v4.0.2)

2026-02-13T12:00:00.472Z  INFO 42757 --- [           main] w.j.j.c.BeerOrderShipmentControllerIT    : Starting BeerOrderShipmentControllerIT using Java 21.0.2 with PID 42757 (started by Emmett in /Users/Emmett/dev/juniemvc/juniemvc)
2026-02-13T12:00:00.475Z  INFO 42757 --- [           main] w.j.j.c.BeerOrderShipmentControllerIT    : No active profile set, falling back to 1 default profile: "default"
2026-02-13T12:00:02.132Z  INFO 42757 --- [           main] .s.d.r.c.RepositoryConfigurationDelegate : Bootstrapping Spring Data JPA repositories in DEFAULT mode.
2026-02-13T12:00:02.267Z  INFO 42757 --- [           main] .s.d.r.c.RepositoryConfigurationDelegate : Finished Spring Data repository scanning in 120 ms. Found 5 JPA repository interfaces.
2026-02-13T12:00:03.504Z  INFO 42757 --- [           main] o.s.boot.tomcat.TomcatWebServer          : Tomcat initialized with port 0 (http)
2026-02-13T12:00:03.549Z  INFO 42757 --- [           main] o.apache.catalina.core.StandardService   : Starting service [Tomcat]
2026-02-13T12:00:03.551Z  INFO 42757 --- [           main] o.apache.catalina.core.StandardEngine    : Starting Servlet engine: [Apache Tomcat/11.0.15]
2026-02-13T12:00:03.648Z  INFO 42757 --- [           main] b.w.c.s.WebApplicationContextInitializer : Root WebApplicationContext: initialization completed in 3113 ms
2026-02-13T12:00:04.131Z  INFO 42757 --- [           main] com.zaxxer.hikari.HikariDataSource       : HikariPool-1 - Starting...
2026-02-13T12:00:04.583Z  INFO 42757 --- [           main] com.zaxxer.hikari.pool.HikariPool        : HikariPool-1 - Added connection conn0: url=jdbc:h2:mem:testdb user=SA
2026-02-13T12:00:04.588Z  INFO 42757 --- [           main] com.zaxxer.hikari.HikariDataSource       : HikariPool-1 - Start completed.
2026-02-13T12:00:04.719Z  INFO 42757 --- [           main] org.flywaydb.core.FlywayExecutor         : Database: jdbc:h2:mem:testdb (H2 2.4)
2026-02-13T12:00:04.733Z  WARN 42757 --- [           main] o.f.c.internal.database.base.Database    : Using H2 2.4.240 which is newer than the version Flyway has been verified with. The latest verified version of H2 is 2.3.232.
2026-02-13T12:00:04.818Z  INFO 42757 --- [           main] o.f.c.i.s.JdbcTableSchemaHistory         : Schema history table "PUBLIC"."flyway_schema_history" does not exist yet
2026-02-13T12:00:04.822Z  INFO 42757 --- [           main] o.f.core.internal.command.DbValidate     : Successfully validated 3 migrations (execution time 00:00.046s)
2026-02-13T12:00:04.841Z  INFO 42757 --- [           main] o.f.c.i.s.JdbcTableSchemaHistory         : Creating Schema History table "PUBLIC"."flyway_schema_history" ...
2026-02-13T12:00:04.965Z  INFO 42757 --- [           main] o.f.core.internal.command.DbMigrate      : Current version of schema "PUBLIC": << Empty Schema >>
2026-02-13T12:00:04.985Z  INFO 42757 --- [           main] o.f.core.internal.command.DbMigrate      : Migrating schema "PUBLIC" to version "1 - init database"
2026-02-13T12:00:05.048Z  INFO 42757 --- [           main] o.f.core.internal.command.DbMigrate      : Migrating schema "PUBLIC" to version "2 - add customer"
2026-02-13T12:00:05.087Z  INFO 42757 --- [           main] o.f.core.internal.command.DbMigrate      : Migrating schema "PUBLIC" to version "3 - add beer order shipment"
2026-02-13T12:00:05.108Z  INFO 42757 --- [           main] o.f.core.internal.command.DbMigrate      : Successfully applied 3 migrations to schema "PUBLIC", now at version v3 (execution time 00:00.071s)
2026-02-13T12:00:05.270Z  INFO 42757 --- [           main] org.hibernate.orm.jpa                    : HHH008540: Processing PersistenceUnitInfo [name: default]
2026-02-13T12:00:05.420Z  INFO 42757 --- [           main] org.hibernate.orm.core                   : HHH000001: Hibernate ORM core version 7.2.1.Final
2026-02-13T12:00:06.005Z  INFO 42757 --- [           main] o.s.o.j.p.SpringPersistenceUnitInfo      : No LoadTimeWeaver setup: ignoring JPA class transformer
2026-02-13T12:00:06.188Z  INFO 42757 --- [           main] org.hibernate.orm.connections.pooling    : HHH10001005: Database info:
	Database JDBC URL [jdbc:h2:mem:testdb]
	Database driver: H2 JDBC Driver
	Database dialect: H2Dialect
	Database version: 2.4.240
	Default catalog/schema: TESTDB/PUBLIC
	Autocommit mode: undefined/unknown
	Isolation level: READ_COMMITTED [default READ_COMMITTED]
	JDBC fetch size: 100
	Pool: DataSourceConnectionProvider
	Minimum pool size: undefined/unknown
	Maximum pool size: undefined/unknown
2026-02-13T12:00:08.739Z  INFO 42757 --- [           main] org.hibernate.orm.core                   : HHH000489: No JTA platform available (set 'hibernate.transaction.jta.platform' to enable JTA platform integration)
2026-02-13T12:00:08.811Z  INFO 42757 --- [           main] j.LocalContainerEntityManagerFactoryBean : Initialized JPA EntityManagerFactory for persistence unit 'default'
2026-02-13T12:00:08.985Z  INFO 42757 --- [           main] o.s.d.j.r.query.QueryEnhancerFactories   : Hibernate is in classpath; If applicable, HQL parser will be used.
2026-02-13T12:00:09.535Z  WARN 42757 --- [           main] JpaBaseConfiguration$JpaWebConfiguration : spring.jpa.open-in-view is enabled by default. Therefore, database queries may be performed during view rendering. Explicitly configure spring.jpa.open-in-view to disable this warning
2026-02-13T12:00:10.049Z  INFO 42757 --- [           main] o.s.boot.tomcat.TomcatWebServer          : Tomcat started on port 49538 (http) with context path '/'
2026-02-13T12:00:10.063Z  INFO 42757 --- [           main] w.j.j.c.BeerOrderShipmentControllerIT    : Started BeerOrderShipmentControllerIT in 10.624 seconds (process running for 17.785)
2026-02-13T12:00:10.095Z  INFO 42757 --- [           main] o.a.c.c.C.[Tomcat].[localhost].[/]       : Initializing Spring TestDispatcherServlet ''
2026-02-13T12:00:10.095Z  INFO 42757 --- [           main] o.s.t.web.servlet.TestDispatcherServlet  : Initializing Servlet ''
2026-02-13T12:00:10.097Z  INFO 42757 --- [           main] o.s.t.web.servlet.TestDispatcherServlet  : Completed initialization in 2 ms
Hibernate: select bos1_0.id,bos1_0.beer_order_id,bos1_0.carrier,bos1_0.created_date,bos1_0.shipment_date,bos1_0.tracking_number,bos1_0.update_date,bos1_0.version from beer_order_shipment bos1_0
]]></system-out>
  </testcase>
  <testcase name="testCreateShipment" classname="walshe.juniemvc.juniemvc.controllers.BeerOrderShipmentControllerIT" time="0.085">
    <system-out><![CDATA[2026-02-13T12:00:10.460Z  INFO 42757 --- [           main] o.a.c.c.C.[Tomcat].[localhost].[/]       : Initializing Spring TestDispatcherServlet ''
2026-02-13T12:00:10.460Z  INFO 42757 --- [           main] o.s.t.web.servlet.TestDispatcherServlet  : Initializing Servlet ''
2026-02-13T12:00:10.461Z  INFO 42757 --- [           main] o.s.t.web.servlet.TestDispatcherServlet  : Completed initialization in 1 ms
Hibernate: insert into beer_order (created_date,customer_id,customer_ref,payment_amount,status,update_date,version,id) values (?,?,?,?,?,?,?,default)
Hibernate: insert into beer_order_shipment (beer_order_id,carrier,created_date,shipment_date,tracking_number,update_date,version,id) values (?,?,?,?,?,?,?,default)
]]></system-out>
  </testcase>
</testsuite>